Get:1 file:/etc/apt/apt-mirrors.txt Mirrorlist [142 B]
Hit:2 http://azure.archive.ubuntu.com/ubuntu noble InRelease
Hit:6 https://packages.microsoft.com/repos/azure-cli noble InRelease
Get:7 https://packages.microsoft.com/ubuntu/24.04/prod noble InRelease [3600 B]
Get:3 http://azure.archive.ubuntu.com/ubuntu noble-updates InRelease [126 kB]
Get:4 http://azure.archive.ubuntu.com/ubuntu noble-backports InRelease [126 kB]
Get:5 http://azure.archive.ubuntu.com/ubuntu noble-security InRelease [126 kB]
Get:8 https://packages.microsoft.com/ubuntu/24.04/prod noble/main arm64 Packages [12.1 kB]
Get:9 https://packages.microsoft.com/ubuntu/24.04/prod noble/main amd64 Packages [19.3 kB]
Get:10 https://packages.microsoft.com/ubuntu/24.04/prod noble/main armhf Packages [6615 B]
Get:11 http://azure.archive.ubuntu.com/ubuntu noble-updates/main amd64 Packages [783 kB]
Get:12 http://azure.archive.ubuntu.com/ubuntu noble-updates/main Translation-en [178 kB]
Get:13 http://azure.archive.ubuntu.com/ubuntu noble-updates/main amd64 Components [151 kB]
Get:14 http://azure.archive.ubuntu.com/ubuntu noble-updates/universe amd64 Packages [976 kB]
Get:15 http://azure.archive.ubuntu.com/ubuntu noble-updates/universe amd64 Components [313 kB]
Get:16 http://azure.archive.ubuntu.com/ubuntu noble-updates/restricted amd64 Components [212 B]
Get:17 http://azure.archive.ubuntu.com/ubuntu noble-updates/multiverse amd64 Components [940 B]
Get:18 http://azure.archive.ubuntu.com/ubuntu noble-backports/main amd64 Components [208 B]
Get:19 http://azure.archive.ubuntu.com/ubuntu noble-backports/universe amd64 Components [17.6 kB]
Get:20 http://azure.archive.ubuntu.com/ubuntu noble-backports/restricted amd64 Components [216 B]
Get:21 http://azure.archive.ubuntu.com/ubuntu noble-backports/multiverse amd64 Components [212 B]
Get:22 http://azure.archive.ubuntu.com/ubuntu noble-security/main amd64 Components [7264 B]
Get:23 http://azure.archive.ubuntu.com/ubuntu noble-security/universe amd64 Components [52.0 kB]
Get:24 http://azure.archive.ubuntu.com/ubuntu noble-security/restricted amd64 Components [208 B]
Get:25 http://azure.archive.ubuntu.com/ubuntu noble-security/multiverse amd64 Components [212 B]
Fetched 2900 kB in 2s (1294 kB/s)
Reading package lists...
