 WARN: cli config dryRun property has been changed to full
       "trace_id": "f24857c1cb83412e1d7dc89049487dda",
       "span_id": "deacfce6e9daff1e",
       "trace_flags": "01"
 INFO: Repository started (repository=plengauer/opentelemetry-bash)
       "renovateVersion": "38.120.0",
       "trace_id": "f24857c1cb83412e1d7dc89049487dda",
       "span_id": "478da0b0be038ef2",
       "trace_flags": "01"
 INFO: Dependency extraction complete (repository=plengauer/opentelemetry-bash, baseBranch=main)
       "stats": {
         "managers": {
           "github-actions": {"fileCount": 5, "depCount": 53},
           "npm": {"fileCount": 1, "depCount": 10},
           "pip_requirements": {"fileCount": 1, "depCount": 2}
         },
         "total": {"fileCount": 7, "depCount": 65}
       },
       "trace_id": "f24857c1cb83412e1d7dc89049487dda",
       "span_id": "33f6e87779f2c62a",
       "trace_flags": "01"
 INFO: GitHub GraphQL datasource: skipping empty item (repository=plengauer/opentelemetry-bash)
       "packageName": "actions/first-interaction",
       "baseUrl": "https://api.github.com/",
       "trace_id": "f24857c1cb83412e1d7dc89049487dda",
       "span_id": "33f6e87779f2c62a",
       "trace_flags": "01"
 INFO: DRY-RUN: Would close Dependency Dashboard (repository=plengauer/opentelemetry-bash)
       "title": "Dependency Dashboard",
       "trace_id": "f24857c1cb83412e1d7dc89049487dda",
       "span_id": "478da0b0be038ef2",
       "trace_flags": "01"
 INFO: DRY-RUN: Would save repository cache. (repository=plengauer/opentelemetry-bash)
       "trace_id": "f24857c1cb83412e1d7dc89049487dda",
       "span_id": "478da0b0be038ef2",
       "trace_flags": "01"
 INFO: Repository finished (repository=plengauer/opentelemetry-bash)
       "cloned": true,
       "durationMs": 18588,
       "trace_id": "f24857c1cb83412e1d7dc89049487dda",
       "span_id": "478da0b0be038ef2",
       "trace_flags": "01"
 INFO: Renovate was run at log level "info". Set LOG_LEVEL=debug in environment variables to see extended debug logs.
       "trace_id": "f24857c1cb83412e1d7dc89049487dda",
       "span_id": "15d24f6cb8087ecd",
       "trace_flags": "01"
