Unable to find image 'renovate/renovate:latest' locally
latest: Pulling from renovate/renovate
de44b265507a: Pulling fs layer
26c40232efae: Pulling fs layer
d5577b1d3ff4: Pulling fs layer
58474d857c74: Pulling fs layer
2ae39b6e6042: Pulling fs layer
e7aa007d2094: Pulling fs layer
1f1e7fdb6090: Pulling fs layer
fc539581ed0c: Pulling fs layer
981e663cca05: Pulling fs layer
d4685fdaa6d4: Pulling fs layer
de633a332371: Pulling fs layer
3842b522857e: Pulling fs layer
4f4fb700ef54: Pulling fs layer
1f1e7fdb6090: Waiting
fc539581ed0c: Waiting
981e663cca05: Waiting
d4685fdaa6d4: Waiting
de633a332371: Waiting
3842b522857e: Waiting
4f4fb700ef54: Waiting
58474d857c74: Waiting
e7aa007d2094: Waiting
2ae39b6e6042: Waiting
26c40232efae: Verifying Checksum
26c40232efae: Download complete
d5577b1d3ff4: Verifying Checksum
d5577b1d3ff4: Download complete
de44b265507a: Verifying Checksum
de44b265507a: Download complete
58474d857c74: Verifying Checksum
58474d857c74: Download complete
2ae39b6e6042: Verifying Checksum
2ae39b6e6042: Download complete
1f1e7fdb6090: Verifying Checksum
1f1e7fdb6090: Download complete
fc539581ed0c: Download complete
981e663cca05: Download complete
de633a332371: Download complete
3842b522857e: Verifying Checksum
3842b522857e: Download complete
4f4fb700ef54: Verifying Checksum
4f4fb700ef54: Download complete
d4685fdaa6d4: Verifying Checksum
d4685fdaa6d4: Download complete
e7aa007d2094: Verifying Checksum
e7aa007d2094: Download complete
de44b265507a: Pull complete
26c40232efae: Pull complete
d5577b1d3ff4: Pull complete
58474d857c74: Pull complete
2ae39b6e6042: Pull complete
e7aa007d2094: Pull complete
1f1e7fdb6090: Pull complete
fc539581ed0c: Pull complete
981e663cca05: Pull complete
d4685fdaa6d4: Pull complete
de633a332371: Pull complete
3842b522857e: Pull complete
4f4fb700ef54: Pull complete
Digest: sha256:b0f523458df1b52f9dc7ac0aa36a0eed759f9efc11e8530feaf0cf126b9e7cc7
Status: Downloaded newer image for renovate/renovate:latest
(node:5844) [DEP0040] DeprecationWarning: The `punycode` module is deprecated. Please use a userland alternative instead.
(Use `node --trace-deprecation ...` to show where the warning was created)
