Downloading https://services.gradle.org/distributions/gradle-8.13-bin.zip
.............10%.............20%.............30%.............40%.............50%.............60%.............70%.............80%.............90%.............100%

Welcome to Gradle 8.13!

Here are the highlights of this release:
 - Daemon JVM auto-provisioning
 - Enhancements for Scala plugin and JUnit testing
 - Improvements for build authors and plugin developers

For more details see https://docs.gradle.org/8.13/release-notes.html

To honour the JVM settings for this build a single-use Daemon process will be forked. For more on this, please refer to https://docs.gradle.org/8.13/userguide/gradle_daemon.html#sec:disabling_the_daemon in the Gradle documentation.
Daemon will be stopped at the end of the build 
Calculating task graph as no cached configuration is available for tasks: build
> Task :app:processTestResources NO-SOURCE
> Task :app:processResources NO-SOURCE
> Task :app:compileJava
> Task :app:classes
> Task :app:jar
> Task :app:compileTestJava
> Task :app:testClasses
> Task :app:startScripts
> Task :app:distTar
> Task :app:distZip
> Task :app:assemble
> Task :app:test
> Task :app:check
> Task :app:build

BUILD SUCCESSFUL in 33s
7 actionable tasks: 7 executed
Configuration cache entry stored.
